/*C1*/SET SCHEMA PUBLIC
CONNECT USER SA
DISCONNECT
/*C2*/SET SCHEMA PUBLIC
CONNECT USER SA
/*C3*/SET SCHEMA PUBLIC
CONNECT USER SA
/*C2*/DELETE FROM PROPERTYTEXT WHERE ID=11800
DELETE FROM PROPERTYENTRY WHERE ID=11800
SET AUTOCOMMIT FALSE
DELETE FROM SEQUENCE_VALUE_ITEM WHERE SEQ_NAME='OSPropertyEntry'
INSERT INTO SEQUENCE_VALUE_ITEM VALUES('OSPropertyEntry',12000)
COMMIT
SET AUTOCOMMIT TRUE
SET AUTOCOMMIT FALSE
INSERT INTO PROPERTYENTRY VALUES(11900,'jira.properties',1,'com.atlassian.activeobjects.admin.ActiveObjectsPluginToTablesMapping',6)
INSERT INTO PROPERTYTEXT VALUES(11900,'{"AO_563AEE_TARGET_ENTITY":{"key":"com.atlassian.streams.streams-thirdparty-plugin","name":"Streams Third Party Provider Plugin","version":"5.1.0","vendorName":"Atlassian","vendorUrl":"http://www.atlassian.com/"},"AO_563AEE_MEDIA_LINK_ENTITY":{"key":"com.atlassian.streams.streams-thirdparty-plugin","name":"Streams Third Party Provider Plugin","version":"5.1.0","vendorName":"Atlassian","vendorUrl":"http://www.atlassian.com/"},"AO_563AEE_ACTOR_ENTITY":{"key":"com.atlassian.streams.streams-thirdparty-plugin","name":"Streams Third Party Provider Plugin","version":"5.1.0","vendorName":"Atlassian","vendorUrl":"http://www.atlassian.com/"},"AO_563AEE_OBJECT_ENTITY":{"key":"com.atlassian.streams.streams-thirdparty-plugin","name":"Streams Third Party Provider Plugin","version":"5.1.0","vendorName":"Atlassian","vendorUrl":"http://www.atlassian.com/"},"AO_563AEE_ACTIVITY_ENTITY":{"key":"com.atlassian.streams.streams-thirdparty-plugin","name":"Streams Third Party Provider Plugin","version":"5.1.0","vendorName":"Atlassian","vendorUrl":"http://www.atlassian.com/"},"AO_563AEE_ACTIVITY_OBJ_ENTITY":{"key":"com.atlassian.streams.streams-thirdparty-plugin","name":"Streams Third Party Provider Plugin","version":"5.1.0","vendorName":"Atlassian","vendorUrl":"http://www.atlassian.com/"}}')
COMMIT
SET AUTOCOMMIT TRUE
DELETE FROM PROPERTYSTRING WHERE ID=11803
DELETE FROM PROPERTYENTRY WHERE ID=11803
DELETE FROM PROPERTYSTRING WHERE ID=11801
DELETE FROM PROPERTYENTRY WHERE ID=11801
DELETE FROM PROPERTYSTRING WHERE ID=11802
DELETE FROM PROPERTYENTRY WHERE ID=11802
DELETE FROM SERVICECONFIG WHERE ID=11600
SET AUTOCOMMIT FALSE
DELETE FROM SEQUENCE_VALUE_ITEM WHERE SEQ_NAME='ServiceConfig'
INSERT INTO SEQUENCE_VALUE_ITEM VALUES('ServiceConfig',11800)
COMMIT
SET AUTOCOMMIT TRUE
INSERT INTO SERVICECONFIG VALUES(11700,20,'com.atlassian.sal.jira.scheduling.JiraPluginSchedulerService','Service Provider Token Remover')
SET AUTOCOMMIT FALSE
INSERT INTO PROPERTYENTRY VALUES(11901,'ServiceConfig',11700,'pluginJobName',5)
INSERT INTO PROPERTYSTRING VALUES(11901,'Service Provider Token Remover')
COMMIT
SET AUTOCOMMIT TRUE
SET AUTOCOMMIT FALSE
INSERT INTO PROPERTYENTRY VALUES(11902,'ServiceConfig',11700,'repeatInterval',5)
INSERT INTO PROPERTYSTRING VALUES(11902,'28800000')
COMMIT
SET AUTOCOMMIT TRUE
SET AUTOCOMMIT FALSE
INSERT INTO PROPERTYENTRY VALUES(11903,'ServiceConfig',11700,'initiallyFired',5)
INSERT INTO PROPERTYSTRING VALUES(11903,'false')
COMMIT
SET AUTOCOMMIT TRUE
DELETE FROM SERVICECONFIG WHERE ID=11700
INSERT INTO SERVICECONFIG VALUES(11700,20,'com.atlassian.sal.jira.scheduling.JiraPluginSchedulerService','Service Provider Token Remover')
DELETE FROM PROPERTYSTRING WHERE ID=11809
DELETE FROM PROPERTYENTRY WHERE ID=11809
DELETE FROM PROPERTYSTRING WHERE ID=11807
DELETE FROM PROPERTYENTRY WHERE ID=11807
DELETE FROM PROPERTYSTRING WHERE ID=11808
DELETE FROM PROPERTYENTRY WHERE ID=11808
DELETE FROM SERVICECONFIG WHERE ID=11602
INSERT INTO SERVICECONFIG VALUES(11701,20,'com.atlassian.sal.jira.scheduling.JiraPluginSchedulerService','upmPluginUpgradeCheckJob')
SET AUTOCOMMIT FALSE
INSERT INTO PROPERTYENTRY VALUES(11904,'ServiceConfig',11701,'pluginJobName',5)
INSERT INTO PROPERTYSTRING VALUES(11904,'upmPluginUpgradeCheckJob')
COMMIT
SET AUTOCOMMIT TRUE
SET AUTOCOMMIT FALSE
INSERT INTO PROPERTYENTRY VALUES(11905,'ServiceConfig',11701,'repeatInterval',5)
INSERT INTO PROPERTYSTRING VALUES(11905,'86400000')
COMMIT
SET AUTOCOMMIT TRUE
SET AUTOCOMMIT FALSE
INSERT INTO PROPERTYENTRY VALUES(11906,'ServiceConfig',11701,'initiallyFired',5)
INSERT INTO PROPERTYSTRING VALUES(11906,'false')
COMMIT
SET AUTOCOMMIT TRUE
DELETE FROM SERVICECONFIG WHERE ID=11701
INSERT INTO SERVICECONFIG VALUES(11701,20,'com.atlassian.sal.jira.scheduling.JiraPluginSchedulerService','upmPluginUpgradeCheckJob')
DELETE FROM PROPERTYSTRING WHERE ID=11806
DELETE FROM PROPERTYENTRY WHERE ID=11806
DELETE FROM PROPERTYSTRING WHERE ID=11804
DELETE FROM PROPERTYENTRY WHERE ID=11804
DELETE FROM PROPERTYSTRING WHERE ID=11805
DELETE FROM PROPERTYENTRY WHERE ID=11805
DELETE FROM SERVICECONFIG WHERE ID=11601
INSERT INTO SERVICECONFIG VALUES(11702,20,'com.atlassian.sal.jira.scheduling.JiraPluginSchedulerService','com.atlassian.jira.plugin.ext.bamboo.service.PlanStatusUpdateServiceImpl:job')
SET AUTOCOMMIT FALSE
INSERT INTO PROPERTYENTRY VALUES(11907,'ServiceConfig',11702,'pluginJobName',5)
INSERT INTO PROPERTYSTRING VALUES(11907,'com.atlassian.jira.plugin.ext.bamboo.service.PlanStatusUpdateServiceImpl:job')
COMMIT
SET AUTOCOMMIT TRUE
SET AUTOCOMMIT FALSE
INSERT INTO PROPERTYENTRY VALUES(11908,'ServiceConfig',11702,'repeatInterval',5)
INSERT INTO PROPERTYSTRING VALUES(11908,'60000')
COMMIT
SET AUTOCOMMIT TRUE
SET AUTOCOMMIT FALSE
INSERT INTO PROPERTYENTRY VALUES(11909,'ServiceConfig',11702,'initiallyFired',5)
INSERT INTO PROPERTYSTRING VALUES(11909,'false')
COMMIT
SET AUTOCOMMIT TRUE
DELETE FROM SERVICECONFIG WHERE ID=11702
INSERT INTO SERVICECONFIG VALUES(11702,20,'com.atlassian.sal.jira.scheduling.JiraPluginSchedulerService','com.atlassian.jira.plugin.ext.bamboo.service.PlanStatusUpdateServiceImpl:job')
SET AUTOCOMMIT FALSE
SET AUTOCOMMIT TRUE
SET AUTOCOMMIT FALSE
SET AUTOCOMMIT TRUE
SET AUTOCOMMIT FALSE
DELETE FROM PROPERTYSTRING WHERE ID=11909
INSERT INTO PROPERTYSTRING VALUES(11909,'true')
COMMIT
SET AUTOCOMMIT TRUE
DELETE FROM SERVICECONFIG WHERE ID=11702
INSERT INTO SERVICECONFIG VALUES(11702,60000,'com.atlassian.sal.jira.scheduling.JiraPluginSchedulerService','com.atlassian.jira.plugin.ext.bamboo.service.PlanStatusUpdateServiceImpl:job')
SET AUTOCOMMIT FALSE
SET AUTOCOMMIT TRUE
SET AUTOCOMMIT FALSE
SET AUTOCOMMIT TRUE
SET AUTOCOMMIT FALSE
DELETE FROM PROPERTYSTRING WHERE ID=11903
INSERT INTO PROPERTYSTRING VALUES(11903,'true')
COMMIT
SET AUTOCOMMIT TRUE
DELETE FROM SERVICECONFIG WHERE ID=11700
INSERT INTO SERVICECONFIG VALUES(11700,28800000,'com.atlassian.sal.jira.scheduling.JiraPluginSchedulerService','Service Provider Token Remover')
SET AUTOCOMMIT FALSE
SET AUTOCOMMIT TRUE
SET AUTOCOMMIT FALSE
SET AUTOCOMMIT TRUE
SET AUTOCOMMIT FALSE
DELETE FROM PROPERTYSTRING WHERE ID=11906
INSERT INTO PROPERTYSTRING VALUES(11906,'true')
COMMIT
SET AUTOCOMMIT TRUE
DELETE FROM SERVICECONFIG WHERE ID=11701
INSERT INTO SERVICECONFIG VALUES(11701,86400000,'com.atlassian.sal.jira.scheduling.JiraPluginSchedulerService','upmPluginUpgradeCheckJob')
DELETE FROM PROPERTYSTRING WHERE ID=11811
DELETE FROM PROPERTYENTRY WHERE ID=11811
SET AUTOCOMMIT FALSE
INSERT INTO PROPERTYENTRY VALUES(11910,'jira.properties',1,'com.atlassian.upm:plugin-upgrades:',5)
INSERT INTO PROPERTYSTRING VALUES(11910,'0')
COMMIT
SET AUTOCOMMIT TRUE
DELETE FROM PROPERTYSTRING WHERE ID=11910
DELETE FROM PROPERTYENTRY WHERE ID=11910
SET AUTOCOMMIT FALSE
INSERT INTO PROPERTYENTRY VALUES(11911,'jira.properties',1,'com.atlassian.upm:plugin-upgrades:',5)
INSERT INTO PROPERTYSTRING VALUES(11911,'0')
COMMIT
SET AUTOCOMMIT TRUE
